2011-08-27 22:13:58,684,684 DEBUG [orbited.cometsession.TCPConnectionResource] new transport: <orbited.transports.longpoll.LongPollingTransport instance at 0x024AD2B0>
2011-08-27 22:13:58,684,684 DEBUG [orbited.cometsession.TCPConnectionResource] _send data=<orbited.cometsession.TCPOption object at 0x024AA930> packetId=1
2011-08-27 22:13:58,684,684 DEBUG [orbited.cometsession.TCPConnectionResource] _send data=<orbited.cometsession.TCPOption object at 0x024AA8F0> packetId=2
2011-08-27 22:13:58,697,697 DEBUG [orbited.cometsession.TCPConnectionResource] render: request=<POST /tcp/e854c7c68b4640cbbf7f7e1499b031be?nocache=0.09185157925821841&ack=2 HTTP/1.1>
2011-08-27 22:13:58,697,697 DEBUG [orbited.cometsession.TCPConnectionResource] render: request.content='11,114,data024,MTI3LjAuMC4xOjYxNjEzCg=='
2011-08-27 22:13:58,697,697 DEBUG [orbited.cometsession.TCPConnectionResource] ack ackId=2
2011-08-27 22:13:58,698,698 DEBUG [orbited.cometsession.TCPConnectionResource] before ack unackQueue=[(<orbited.cometsession.TCPOption object at 0x024AA930>, 1), (<orbited.cometsession.TCPOption object at 0x024AA8F0>, 2)]
2011-08-27 22:13:58,698,698 DEBUG [orbited.cometsession.TCPConnectionResource] after ack unackQueue=[]
2011-08-27 22:13:58,698,698 DEBUG [orbited.cometsession.TCPConnectionResource] RECV: 11,114,data024,MTI3LjAuMC4xOjYxNjEzCg==
2011-08-27 22:13:58,698,698 DEBUG [orbited.cometsession.TCPConnectionResource] ['11,114,data024,MTI3LjAuMC4xOjYxNjEzCg==', [], []]
2011-08-27 22:13:58,698,698 DEBUG [orbited.cometsession.TCPConnectionResource] ['14,data024,MTI3LjAuMC4xOjYxNjEzCg==', [], ['1']]
2011-08-27 22:13:58,698,698 DEBUG [orbited.cometsession.TCPConnectionResource] ['024,MTI3LjAuMC4xOjYxNjEzCg==', [], ['1', 'data']]
2011-08-27 22:13:58,700,700 DEBUG [orbited.cometsession.TCPConnectionResource] parseData: frame=['1', 'data', 'MTI3LjAuMC4xOjYxNjEzCg==']
2011-08-27 22:13:58,707,707 DEBUG [orbited.cometsession.TCPConnectionResource] new transport: <orbited.transports.longpoll.LongPollingTransport instance at 0x024B0080>
2011-08-27 22:13:58,709,709 DEBUG [orbited.cometsession.TCPConnectionResource] ack ackId=2
2011-08-27 22:13:58,709,709 DEBUG [orbited.cometsession.TCPConnectionResource] before ack unackQueue=[]
2011-08-27 22:13:58,709,709 DEBUG [orbited.cometsession.TCPConnectionResource] _send data='1' packetId=3
2011-08-27 22:13:58,723,723 DEBUG [orbited.cometsession.TCPConnectionResource] render: request=<POST /tcp/e854c7c68b4640cbbf7f7e1499b031be?nocache=0.09185157925821841&ack=3 HTTP/1.1>
2011-08-27 22:13:58,723,723 DEBUG [orbited.cometsession.TCPConnectionResource] render: request.content='11,214,data060,Q09OTkVDVApsb2dpbjp1bmRlZmluZWQKcGFzc2NvZGU6dW5kZWZpbmVkCgoA'
2011-08-27 22:13:58,723,723 DEBUG [orbited.cometsession.TCPConnectionResource] ack ackId=3
2011-08-27 22:13:58,723,723 DEBUG [orbited.cometsession.TCPConnectionResource] before ack unackQueue=[('1', 3)]
2011-08-27 22:13:58,723,723 DEBUG [orbited.cometsession.TCPConnectionResource] after ack unackQueue=[]
2011-08-27 22:13:58,723,723 DEBUG [orbited.cometsession.TCPConnectionResource] RECV: 11,214,data060,Q09OTkVDVApsb2dpbjp1bmRlZmluZWQKcGFzc2NvZGU6dW5kZWZpbmVkCgoA
2011-08-27 22:13:58,723,723 DEBUG [orbited.cometsession.TCPConnectionResource] ['11,214,data060,Q09OTkVDVApsb2dpbjp1bmRlZmluZWQKcGFzc2NvZGU6dW5kZWZpbmVkCgoA', [], []]
2011-08-27 22:13:58,723,723 DEBUG [orbited.cometsession.TCPConnectionResource] ['14,data060,Q09OTkVDVApsb2dpbjp1bmRlZmluZWQKcGFzc2NvZGU6dW5kZWZpbmVkCgoA', [], ['2']]
2011-08-27 22:13:58,723,723 DEBUG [orbited.cometsession.TCPConnectionResource] ['060,Q09OTkVDVApsb2dpbjp1bmRlZmluZWQKcGFzc2NvZGU6dW5kZWZpbmVkCgoA', [], ['2', 'data']]
2011-08-27 22:13:58,724,724 DEBUG [orbited.cometsession.TCPConnectionResource] parseData: frame=['2', 'data', 'Q09OTkVDVApsb2dpbjp1bmRlZmluZWQKcGFzc2NvZGU6dW5kZWZpbmVkCgoA']
2011-08-27 22:13:58,733,733 DEBUG [orbited.cometsession.TCPConnectionResource] new transport: <orbited.transports.longpoll.LongPollingTransport instance at 0x024B0120>
2011-08-27 22:13:58,733,733 DEBUG [orbited.cometsession.TCPConnectionResource] ack ackId=3
2011-08-27 22:13:58,733,733 DEBUG [orbited.cometsession.TCPConnectionResource] before ack unackQueue=[]
2011-08-27 22:13:58,733,733 DEBUG [orbited.cometsession.TCPConnectionResource] _send data='CONNECTED\nsession:2\n\n\x00\n' packetId=4
2011-08-27 22:13:58,746,746 DEBUG [orbited.cometsession.TCPConnectionResource] render: request=<POST /tcp/e854c7c68b4640cbbf7f7e1499b031be?nocache=0.09185157925821841&ack=4 HTTP/1.1>
2011-08-27 22:13:58,746,746 DEBUG [orbited.cometsession.TCPConnectionResource] render: request.content='11,314,data052,U1VCU0NSSUJFCmRlc3RpbmF0aW9uOi90b3BpYy9zaG91dHMKCgA='
2011-08-27 22:13:58,746,746 DEBUG [orbited.cometsession.TCPConnectionResource] ack ackId=4
2011-08-27 22:13:58,746,746 DEBUG [orbited.cometsession.TCPConnectionResource] before ack unackQueue=[('CONNECTED\nsession:2\n\n\x00\n', 4)]
2011-08-27 22:13:58,746,746 DEBUG [orbited.cometsession.TCPConnectionResource] after ack unackQueue=[]
2011-08-27 22:13:58,747,747 DEBUG [orbited.cometsession.TCPConnectionResource] RECV: 11,314,data052,U1VCU0NSSUJFCmRlc3RpbmF0aW9uOi90b3BpYy9zaG91dHMKCgA=
2011-08-27 22:13:58,747,747 DEBUG [orbited.cometsession.TCPConnectionResource] ['11,314,data052,U1VCU0NSSUJFCmRlc3RpbmF0aW9uOi90b3BpYy9zaG91dHMKCgA=', [], []]
2011-08-27 22:13:58,747,747 DEBUG [orbited.cometsession.TCPConnectionResource] ['14,data052,U1VCU0NSSUJFCmRlc3RpbmF0aW9uOi90b3BpYy9zaG91dHMKCgA=', [], ['3']]
2011-08-27 22:13:58,747,747 DEBUG [orbited.cometsession.TCPConnectionResource] ['052,U1VCU0NSSUJFCmRlc3RpbmF0aW9uOi90b3BpYy9zaG91dHMKCgA=', [], ['3', 'data']]
2011-08-27 22:13:58,747,747 DEBUG [orbited.cometsession.TCPConnectionResource] parseData: frame=['3', 'data', 'U1VCU0NSSUJFCmRlc3RpbmF0aW9uOi90b3BpYy9zaG91dHMKCgA=']
2011-08-27 22:13:58,756,756 DEBUG [orbited.cometsession.TCPConnectionResource] new transport: <orbited.transports.longpoll.LongPollingTransport instance at 0x024B0300>
2011-08-27 22:13:58,757,757 DEBUG [orbited.cometsession.TCPConnectionResource] ack ackId=4
2011-08-27 22:13:58,757,757 DEBUG [orbited.cometsession.TCPConnectionResource] before ack unackQueue=[]
2011-08-27 22:14:03,756,756 DEBUG [orbited.cometsession.TCPConnectionResource] _send data=<orbited.cometsession.TCPPing object at 0x02451630> packetId=5
2011-08-27 22:14:03,786,786 DEBUG [orbited.cometsession.TCPConnectionResource] new transport: <orbited.transports.longpoll.LongPollingTransport instance at 0x024B05D0>
2011-08-27 22:14:03,786,786 DEBUG [orbited.cometsession.TCPConnectionResource] ack ackId=5
2011-08-27 22:14:03,786,786 DEBUG [orbited.cometsession.TCPConnectionResource] before ack unackQueue=[(<orbited.cometsession.TCPPing object at 0x02451630>, 5)]
2011-08-27 22:14:03,786,786 DEBUG [orbited.cometsession.TCPConnectionResource] after ack unackQueue=[]
2011-08-27 22:14:08,786,786 DEBUG [orbited.cometsession.TCPConnectionResource] _send data=<orbited.cometsession.TCPPing object at 0x02451630> packetId=6
2011-08-27 22:14:08,826,826 DEBUG [orbited.cometsession.TCPConnectionResource] new transport: <orbited.transports.longpoll.LongPollingTransport instance at 0x024B0148>
2011-08-27 22:14:08,826,826 DEBUG [orbited.cometsession.TCPConnectionResource] ack ackId=6
2011-08-27 22:14:08,826,826 DEBUG [orbited.cometsession.TCPConnectionResource] before ack unackQueue=[(<orbited.cometsession.TCPPing object at 0x02451630>, 6)]
2011-08-27 22:14:08,826,826 DEBUG [orbited.cometsession.TCPConnectionResource] after ack unackQueue=[]
2011-08-27 22:14:13,826,826 DEBUG [orbited.cometsession.TCPConnectionResource] _send data=<orbited.cometsession.TCPPing object at 0x02451630> packetId=7
2011-08-27 22:14:13,848,848 DEBUG [orbited.cometsession.TCPConnectionResource] new transport: <orbited.transports.longpoll.LongPollingTransport instance at 0x024A9D50>
2011-08-27 22:14:13,848,848 DEBUG [orbited.cometsession.TCPConnectionResource] ack ackId=7
2011-08-27 22:14:13,848,848 DEBUG [orbited.cometsession.TCPConnectionResource] before ack unackQueue=[(<orbited.cometsession.TCPPing object at 0x02451630>, 7)]
2011-08-27 22:14:13,848,848 DEBUG [orbited.cometsession.TCPConnectionResource] after ack unackQueue=[]
2011-08-27 22:14:18,848,848 DEBUG [orbited.cometsession.TCPConnectionResource] _send data=<orbited.cometsession.TCPPing object at 0x02451630> packetId=8
2011-08-27 22:14:18,872,872 DEBUG [orbited.cometsession.TCPConnectionResource] new transport: <orbited.transports.longpoll.LongPollingTransport instance at 0x024A9D00>
2011-08-27 22:14:18,874,874 DEBUG [orbited.cometsession.TCPConnectionResource] ack ackId=8
2011-08-27 22:14:18,874,874 DEBUG [orbited.cometsession.TCPConnectionResource] before ack unackQueue=[(<orbited.cometsession.TCPPing object at 0x02451630>, 8)]
2011-08-27 22:14:18,874,874 DEBUG [orbited.cometsession.TCPConnectionResource] after ack unackQueue=[]
2011-08-27 22:14:23,872,872 DEBUG [orbited.cometsession.TCPConnectionResource] _send data=<orbited.cometsession.TCPPing object at 0x02451630> packetId=9
2011-08-27 22:14:23,901,901 DEBUG [orbited.cometsession.TCPConnectionResource] new transport: <orbited.transports.longpoll.LongPollingTransport instance at 0x024B03F0>
2011-08-27 22:14:23,901,901 DEBUG [orbited.cometsession.TCPConnectionResource] ack ackId=9
2011-08-27 22:14:23,901,901 DEBUG [orbited.cometsession.TCPConnectionResource] before ack unackQueue=[(<orbited.cometsession.TCPPing object at 0x02451630>, 9)]
2011-08-27 22:14:23,901,901 DEBUG [orbited.cometsession.TCPConnectionResource] after ack unackQueue=[]
2011-08-27 22:14:28,901,901 DEBUG [orbited.cometsession.TCPConnectionResource] _send data=<orbited.cometsession.TCPPing object at 0x02451630> packetId=10
2011-08-27 22:14:28,928,928 DEBUG [orbited.cometsession.TCPConnectionResource] new transport: <orbited.transports.longpoll.LongPollingTransport instance at 0x024B0DC8>
2011-08-27 22:14:28,928,928 DEBUG [orbited.cometsession.TCPConnectionResource] ack ackId=10
2011-08-27 22:14:28,930,930 DEBUG [orbited.cometsession.TCPConnectionResource] before ack unackQueue=[(<orbited.cometsession.TCPPing object at 0x02451630>, 10)]
2011-08-27 22:14:28,930,930 DEBUG [orbited.cometsession.TCPConnectionResource] after ack unackQueue=[]
2011-08-27 22:14:33,930,930 DEBUG [orbited.cometsession.TCPConnectionResource] _send data=<orbited.cometsession.TCPPing object at 0x02451630> packetId=11
2011-08-27 22:14:33,959,959 DEBUG [orbited.cometsession.TCPConnectionResource] new transport: <orbited.transports.longpoll.LongPollingTransport instance at 0x024B0E90>
2011-08-27 22:14:33,960,960 DEBUG [orbited.cometsession.TCPConnectionResource] ack ackId=11
2011-08-27 22:14:33,960,960 DEBUG [orbited.cometsession.TCPConnectionResource] before ack unackQueue=[(<orbited.cometsession.TCPPing object at 0x02451630>, 11)]
2011-08-27 22:14:33,960,960 DEBUG [orbited.cometsession.TCPConnectionResource] after ack unackQueue=[]
2011-08-27 22:14:38,959,959 DEBUG [orbited.cometsession.TCPConnectionResource] _send data=<orbited.cometsession.TCPPing object at 0x02451630> packetId=12
2011-08-27 22:14:38,989,989 DEBUG [orbited.cometsession.TCPConnectionResource] new transport: <orbited.transports.longpoll.LongPollingTransport instance at 0x024B0760>
2011-08-27 22:14:38,989,989 DEBUG [orbited.cometsession.TCPConnectionResource] ack ackId=12
2011-08-27 22:14:38,989,989 DEBUG [orbited.cometsession.TCPConnectionResource] before ack unackQueue=[(<orbited.cometsession.TCPPing object at 0x02451630>, 12)]
2011-08-27 22:14:38,990,990 DEBUG [orbited.cometsession.TCPConnectionResource] after ack unackQueue=[]
2011-08-27 22:14:43,987,987 DEBUG [orbited.cometsession.TCPConnectionResource] _send data=<orbited.cometsession.TCPPing object at 0x02451630> packetId=13
2011-08-27 22:14:44,016,016 DEBUG [orbited.cometsession.TCPConnectionResource] new transport: <orbited.transports.longpoll.LongPollingTransport instance at 0x024B0FA8>
2011-08-27 22:14:44,016,016 DEBUG [orbited.cometsession.TCPConnectionResource] ack ackId=13
2011-08-27 22:14:44,016,016 DEBUG [orbited.cometsession.TCPConnectionResource] before ack unackQueue=[(<orbited.cometsession.TCPPing object at 0x02451630>, 13)]
2011-08-27 22:14:44,016,016 DEBUG [orbited.cometsession.TCPConnectionResource] after ack unackQueue=[]
2011-08-27 22:14:49,016,016 DEBUG [orbited.cometsession.TCPConnectionResource] _send data=<orbited.cometsession.TCPPing object at 0x02451630> packetId=14
2011-08-27 22:14:49,043,043 DEBUG [orbited.cometsession.TCPConnectionResource] new transport: <orbited.transports.longpoll.LongPollingTransport instance at 0x024ADDF0>
2011-08-27 22:14:49,045,045 DEBUG [orbited.cometsession.TCPConnectionResource] ack ackId=14
2011-08-27 22:14:49,045,045 DEBUG [orbited.cometsession.TCPConnectionResource] before ack unackQueue=[(<orbited.cometsession.TCPPing object at 0x02451630>, 14)]
2011-08-27 22:14:49,045,045 DEBUG [orbited.cometsession.TCPConnectionResource] after ack unackQueue=[]
2011-08-27 22:14:54,043,043 DEBUG [orbited.cometsession.TCPConnectionResource] _send data=<orbited.cometsession.TCPPing object at 0x02451630> packetId=15
2011-08-27 22:14:54,072,072 DEBUG [orbited.cometsession.TCPConnectionResource] new transport: <orbited.transports.longpoll.LongPollingTransport instance at 0x024B4058>
2011-08-27 22:14:54,072,072 DEBUG [orbited.cometsession.TCPConnectionResource] ack ackId=15
2011-08-27 22:14:54,072,072 DEBUG [orbited.cometsession.TCPConnectionResource] before ack unackQueue=[(<orbited.cometsession.TCPPing object at 0x02451630>, 15)]
2011-08-27 22:14:54,072,072 DEBUG [orbited.cometsession.TCPConnectionResource] after ack unackQueue=[]
2011-08-27 22:14:59,072,072 DEBUG [orbited.cometsession.TCPConnectionResource] _send data=<orbited.cometsession.TCPPing object at 0x02451630> packetId=16
2011-08-27 22:14:59,101,101 DEBUG [orbited.cometsession.TCPConnectionResource] new transport: <orbited.transports.longpoll.LongPollingTransport instance at 0x024B4030>
2011-08-27 22:14:59,101,101 DEBUG [orbited.cometsession.TCPConnectionResource] ack ackId=16
2011-08-27 22:14:59,101,101 DEBUG [orbited.cometsession.TCPConnectionResource] before ack unackQueue=[(<orbited.cometsession.TCPPing object at 0x02451630>, 16)]
2011-08-27 22:14:59,101,101 DEBUG [orbited.cometsession.TCPConnectionResource] after ack unackQueue=[]
2011-08-27 22:15:04,101,101 DEBUG [orbited.cometsession.TCPConnectionResource] _send data=<orbited.cometsession.TCPPing object at 0x02451630> packetId=17
2011-08-27 22:15:04,140,140 DEBUG [orbited.cometsession.TCPConnectionResource] new transport: <orbited.transports.longpoll.LongPollingTransport instance at 0x024B4120>
2011-08-27 22:15:04,141,141 DEBUG [orbited.cometsession.TCPConnectionResource] ack ackId=17
2011-08-27 22:15:04,141,141 DEBUG [orbited.cometsession.TCPConnectionResource] before ack unackQueue=[(<orbited.cometsession.TCPPing object at 0x02451630>, 17)]
2011-08-27 22:15:04,141,141 DEBUG [orbited.cometsession.TCPConnectionResource] after ack unackQueue=[]
2011-08-27 22:15:09,140,140 DEBUG [orbited.cometsession.TCPConnectionResource] _send data=<orbited.cometsession.TCPPing object at 0x02451630> packetId=18
2011-08-27 22:15:09,167,167 DEBUG [orbited.cometsession.TCPConnectionResource] new transport: <orbited.transports.longpoll.LongPollingTransport instance at 0x024B40D0>
2011-08-27 22:15:09,167,167 DEBUG [orbited.cometsession.TCPConnectionResource] ack ackId=18
2011-08-27 22:15:09,168,168 DEBUG [orbited.cometsession.TCPConnectionResource] before ack unackQueue=[(<orbited.cometsession.TCPPing object at 0x02451630>, 18)]
2011-08-27 22:15:09,168,168 DEBUG [orbited.cometsession.TCPConnectionResource] after ack unackQueue=[]
