[2011-08-27 21:55:11,923/INFO/Logging started]
[2011-08-27 21:55:12,240/INFO/Logging started]
[2011-08-27 21:55:12,256/INFO/Starting comet server]
[2011-08-27 21:55:12,257/INFO/Comet server running]
[2011-08-27 21:55:12,262/INFO/TCP string sent: MSG EV:NEW NM:tux]
[2011-08-27 21:55:12,267/INFO/Successfully connected to event manager]
[2011-08-27 21:55:13,263/INFO/Comet message sender registered]
[2011-08-27 21:55:32,247/DEBUG/ev=EVENT, nm=tux, en=ANSWER_THIS, ec=*thanks man*, tc=client1, rc=None, re=None, pe=None]
[2011-08-27 21:55:32,252/INFO/Message converted to string: MSG  EV:EVENT NM:tux EN:ANSWER_THIS EC:*thanks man* TC:client1]
[2011-08-27 21:55:32,253/INFO/TCP string sent: MSG  EV:EVENT NM:tux EN:ANSWER_THIS EC:*thanks man* TC:client1]
[2011-08-27 22:05:05,017/DEBUG/ev=EVENT, nm=tux, en=ANSWER_THIS, ec=**, tc=client1, rc=None, re=None, pe=None]
[2011-08-27 22:05:05,019/INFO/Message converted to string: MSG  EV:EVENT NM:tux EN:ANSWER_THIS EC:** TC:client1]
[2011-08-27 22:05:05,019/INFO/TCP string sent: MSG  EV:EVENT NM:tux EN:ANSWER_THIS EC:** TC:client1]
[2011-08-27 22:05:10,032/INFO/Received a Message: 'MSGHEAD LEN:00058 PRI:01 TSTAMP:00000000000000000000']
[2011-08-27 22:05:10,032/INFO/Received a Message: 'MSG EV:EVENT NM:client1 EN:anwer_me EC:*thanks man* TC:tux']
[2011-08-27 22:05:10,035/INFO/Sending data 'MSG EV:EVENT NM:client1 EN:anwer_me EC:*thanks man* TC:tux' to channel '/topic/shouts']
[2011-08-27 22:05:14,680/DEBUG/ev=EVENT, nm=tux, en=ANSWER_THIS, ec=*no worries*, tc=client1, rc=None, re=None, pe=None]
[2011-08-27 22:05:14,681/INFO/Message converted to string: MSG  EV:EVENT NM:tux EN:ANSWER_THIS EC:*no worries* TC:client1]
[2011-08-27 22:05:14,683/INFO/TCP string sent: MSG  EV:EVENT NM:tux EN:ANSWER_THIS EC:*no worries* TC:client1]
[2011-08-27 22:05:40,549/DEBUG/ev=EVENT, nm=tux, en=ANSWER_THIS, ec=*no worries*, tc=client1, rc=None, re=None, pe=None]
[2011-08-27 22:05:40,552/INFO/Message converted to string: MSG  EV:EVENT NM:tux EN:ANSWER_THIS EC:*no worries* TC:client1]
[2011-08-27 22:05:40,552/INFO/TCP string sent: MSG  EV:EVENT NM:tux EN:ANSWER_THIS EC:*no worries* TC:client1]
[2011-08-27 22:05:43,190/INFO/Received a Message: 'MSGHEAD LEN:00058 PRI:01 TSTAMP:00000000000000000000']
[2011-08-27 22:05:43,190/INFO/Received a Message: 'MSG EV:EVENT NM:client1 EN:anwer_me EC:*thanks man* TC:tux']
[2011-08-27 22:05:43,193/INFO/Sending data 'MSG EV:EVENT NM:client1 EN:anwer_me EC:*thanks man* TC:tux' to channel '/topic/shouts']
[2011-08-27 22:13:28,236/CRITICAL/Error running orbited server. Command '['orbited', '--config=C:\\python_workspace\\swarming_heads\\src\\swarming_heads\\orbited.cfg']' returned non-zero exit status -1073741510 Exiting..]
[2011-08-27 22:13:28,724/WARNING/Got a sigint. Attemping clean exit]
